#
# There is insufficient memory for the Java Runtime Environment to continue.
# Native memory allocation (mmap) failed to map 49283072 bytes for committing reserved memory.
# Possible reasons:
#   The system is out of physical RAM or swap space
#   In 32 bit mode, the process size limit was hit
# Possible solutions:
#   Reduce memory load on the system
#   Increase physical memory or swap space
#   Check if swap backing store is full
#   Use 64 bit Java on a 64 bit OS
#   Decrease Java heap size (-Xmx/-Xms)
#   Decrease number of Java threads
#   Decrease Java thread stack sizes (-Xss)
#   Set larger code cache with -XX:ReservedCodeCacheSize=
# This output file may be truncated or incomplete.
#
#  Out of Memory Error (os_linux.cpp:2673), pid=9831, tid=140224284829440
#
# JRE version: Java(TM) SE Runtime Environment (8.0_45-b14) (build 1.8.0_45-b14)
# Java VM: Java HotSpot(TM) 64-Bit Server VM (25.45-b02 mixed mode linux-amd64 compressed oops)
# Failed to write core dump. Core dumps have been disabled. To enable core dumping, try "ulimit -c unlimited" before starting Java again
#

---------------  T H R E A D  ---------------

Current thread (0x00007f8894074800):  VMThread [stack: 0x00007f88829fa000,0x00007f8882afb000] [id=9841]

Stack: [0x00007f88829fa000,0x00007f8882afb000],  sp=0x00007f8882af9060,  free space=1020k
Native frames: (J=compiled Java code, j=interpreted, Vv=VM code, C=native code)
V  [libjvm.so+0xaac99a]  VMError::report_and_die()+0x2ba
V  [libjvm.so+0x4f333b]  report_vm_out_of_memory(char const*, int, unsigned long, VMErrorType, char const*)+0x8b
V  [libjvm.so+0x90e7c3]  os::Linux::commit_memory_impl(char*, unsigned long, bool)+0x103
V  [libjvm.so+0x90ed19]  os::pd_commit_memory(char*, unsigned long, unsigned long, bool)+0x29
V  [libjvm.so+0x90867a]  os::commit_memory(char*, unsigned long, unsigned long, bool)+0x2a
V  [libjvm.so+0x97bac3]  PSVirtualSpace::expand_by(unsigned long)+0x53
V  [libjvm.so+0x97cec8]  PSYoungGen::resize_generation(unsigned long, unsigned long)+0xf8
V  [libjvm.so+0x97c022]  PSYoungGen::resize(unsigned long, unsigned long)+0x22
V  [libjvm.so+0x9792fb]  PSScavenge::invoke_no_policy()+0xf7b
V  [libjvm.so+0x979a81]  PSScavenge::invoke()+0x41
V  [libjvm.so+0x932050]  ParallelScavengeHeap::failed_mem_allocate(unsigned long)+0x70
V  [libjvm.so+0xaae1d7]  VM_ParallelGCFailedAllocation::doit()+0x97
V  [libjvm.so+0xab59c5]  VM_Operation::evaluate()+0x55
V  [libjvm.so+0xab3d9a]  VMThread::evaluate_operation(VM_Operation*)+0xba
V  [libjvm.so+0xab411e]  VMThread::loop()+0x1ce
V  [libjvm.so+0xab4590]  VMThread::run()+0x70
V  [libjvm.so+0x910de8]  java_start(Thread*)+0x108

VM_Operation (0x00007f889c9d6dd0): ParallelGCFailedAllocation, mode: safepoint, requested by thread 0x00007f889400b000


---------------  P R O C E S S  ---------------

Java Threads: ( => current thread )
  0x00007f88940bb800 JavaThread "Service Thread" daemon [_thread_blocked, id=9847, stack(0x00007f8881be1000,0x00007f8881ce2000)]
  0x00007f88940b6800 JavaThread "C1 CompilerThread1" daemon [_thread_blocked, id=9846, stack(0x00007f8881ce2000,0x00007f8881de3000)]
  0x00007f88940b3800 JavaThread "C2 CompilerThread0" daemon [_thread_blocked, id=9845, stack(0x00007f8881de3000,0x00007f8881ee4000)]
  0x00007f88940b2800 JavaThread "Signal Dispatcher" daemon [_thread_blocked, id=9844, stack(0x00007f8881ee4000,0x00007f8881fe5000)]
  0x00007f889407b800 JavaThread "Finalizer" daemon [_thread_blocked, id=9843, stack(0x00007f88827f8000,0x00007f88828f9000)]
  0x00007f8894079800 JavaThread "Reference Handler" daemon [_thread_blocked, id=9842, stack(0x00007f88828f9000,0x00007f88829fa000)]
  0x00007f889400b000 JavaThread "main" [_thread_blocked, id=9838, stack(0x00007f889c8d8000,0x00007f889c9d9000)]

Other Threads:
=>0x00007f8894074800 VMThread [stack: 0x00007f88829fa000,0x00007f8882afb000] [id=9841]
  0x00007f88940be000 WatcherThread [stack: 0x00007f8881ae0000,0x00007f8881be1000] [id=9848]

VM state:at safepoint (normal execution)

VM Mutex/Monitor currently owned by a thread:  ([mutex/lock_event])
[0x00007f88940072d0] Threads_lock - owner thread: 0x00007f8894074800
[0x00007f88940077d0] Heap_lock - owner thread: 0x00007f889400b000

Heap:
 PSYoungGen      total 39424K, used 2536K [0x00000000eab00000, 0x00000000ed400000, 0x0000000100000000)
  eden space 36864K, 0% used [0x00000000eab00000,0x00000000eab00000,0x00000000ecf00000)
  from space 2560K, 99% used [0x00000000ecf00000,0x00000000ed17a2e8,0x00000000ed180000)
  to   space 2560K, 0% used [0x00000000ed180000,0x00000000ed180000,0x00000000ed400000)
 ParOldGen       total 48128K, used 11545K [0x00000000c0000000, 0x00000000c2f00000, 0x00000000eab00000)
  object space 48128K, 23% used [0x00000000c0000000,0x00000000c0b46580,0x00000000c2f00000)
 Metaspace       used 7009K, capacity 7640K, committed 7936K, reserved 1056768K
  class space    used 696K, capacity 720K, committed 768K, reserved 1048576K

Card table byte_map: [0x00007f88994af000,0x00007f88996b0000] byte_map_base: 0x00007f8898eaf000

Marking Bits: (ParMarkBitMap*) 0x00007f889bdad760
 Begin Bits: [0x00007f8883000000, 0x00007f8884000000)
 End Bits:   [0x00007f8884000000, 0x00007f8885000000)

Polling page: 0x00007f889c9f4000

CodeCache: size=245760Kb used=5652Kb max_used=5664Kb free=240107Kb
 bounds [0x00007f8885000000, 0x00007f8885590000, 0x00007f8894000000]
 total_blobs=2138 nmethods=1846 adapters=207
 compilation: enabled

Compilation events (10 events):
Event: 7.888 Thread 0x00007f88940b3800 nmethod 1906 0x00007f888557f3d0 code [0x00007f888557f520, 0x00007f888557f5b8]
Event: 7.888 Thread 0x00007f88940b3800 1907       4       java.nio.HeapByteBuffer::duplicate (32 bytes)
Event: 7.899 Thread 0x00007f88940b3800 nmethod 1907 0x00007f888558a410 code [0x00007f888558a580, 0x00007f888558a878]
Event: 7.899 Thread 0x00007f88940b3800 1908       4       java.nio.Buffer::<init> (121 bytes)
Event: 7.905 Thread 0x00007f88940b3800 nmethod 1908 0x00007f8885589f10 code [0x00007f888558a080, 0x00007f888558a238]
Event: 7.905 Thread 0x00007f88940b3800 1909       4       java.nio.ByteBuffer::<init> (45 bytes)
Event: 7.909 Thread 0x00007f88940b6800 1912       2       com.android.dx.io.instructions.DecodedInstruction::getLiteralInt (53 bytes)
Event: 7.911 Thread 0x00007f88940b6800 nmethod 1912 0x00007f8885589690 code [0x00007f8885589840, 0x00007f8885589c88]
Event: 7.912 Thread 0x00007f88940b3800 nmethod 1909 0x00007f888558cc90 code [0x00007f888558ce00, 0x00007f888558d038]
Event: 7.912 Thread 0x00007f88940b3800 1911       4       com.android.dex.Dex$Section::readCode (136 bytes)

GC Heap History (9 events):
Event: 4.264 GC heap before
{Heap before GC invocations=1 (full 0):
 PSYoungGen      total 20992K, used 18432K [0x00000000eab00000, 0x00000000ec200000, 0x0000000100000000)
  eden space 18432K, 100% used [0x00000000eab00000,0x00000000ebd00000,0x00000000ebd00000)
  from space 2560K, 0% used [0x00000000ebf80000,0x00000000ebf80000,0x00000000ec200000)
  to   space 2560K, 0% used [0x00000000ebd00000,0x00000000ebd00000,0x00000000ebf80000)
 ParOldGen       total 48128K, used 0K [0x00000000c0000000, 0x00000000c2f00000, 0x00000000eab00000)
  object space 48128K, 0% used [0x00000000c0000000,0x00000000c0000000,0x00000000c2f00000)
 Metaspace       used 5381K, capacity 6768K, committed 7040K, reserved 1056768K
  class space    used 545K, capacity 616K, committed 640K, reserved 1048576K
Event: 4.297 GC heap after
Heap after GC invocations=1 (full 0):
 PSYoungGen      total 20992K, used 2538K [0x00000000eab00000, 0x00000000ec200000, 0x0000000100000000)
  eden space 18432K, 0% used [0x00000000eab00000,0x00000000eab00000,0x00000000ebd00000)
  from space 2560K, 99% used [0x00000000ebd00000,0x00000000ebf7aae8,0x00000000ebf80000)
  to   space 2560K, 0% used [0x00000000ebf80000,0x00000000ebf80000,0x00000000ec200000)
 ParOldGen       total 48128K, used 3098K [0x00000000c0000000, 0x00000000c2f00000, 0x00000000eab00000)
  object space 48128K, 6% used [0x00000000c0000000,0x00000000c0306aa8,0x00000000c2f00000)
 Metaspace       used 5381K, capacity 6768K, committed 7040K, reserved 1056768K
  class space    used 545K, capacity 616K, committed 640K, reserved 1048576K
}
Event: 6.221 GC heap before
{Heap before GC invocations=2 (full 0):
 PSYoungGen      total 20992K, used 20970K [0x00000000eab00000, 0x00000000ec200000, 0x0000000100000000)
  eden space 18432K, 100% used [0x00000000eab00000,0x00000000ebd00000,0x00000000ebd00000)
  from space 2560K, 99% used [0x00000000ebd00000,0x00000000ebf7aae8,0x00000000ebf80000)
  to   space 2560K, 0% used [0x00000000ebf80000,0x00000000ebf80000,0x00000000ec200000)
 ParOldGen       total 48128K, used 3098K [0x00000000c0000000, 0x00000000c2f00000, 0x00000000eab00000)
  object space 48128K, 6% used [0x00000000c0000000,0x00000000c0306aa8,0x00000000c2f00000)
 Metaspace       used 6859K, capacity 7512K, committed 7680K, reserved 1056768K
  class space    used 695K, capacity 720K, committed 768K, reserved 1048576K
Event: 6.266 GC heap after
Heap after GC invocations=2 (full 0):
 PSYoungGen      total 20992K, used 2542K [0x00000000eab00000, 0x00000000ed400000, 0x0000000100000000)
  eden space 18432K, 0% used [0x00000000eab00000,0x00000000eab00000,0x00000000ebd00000)
  from space 2560K, 99% used [0x00000000ebf80000,0x00000000ec1fbb50,0x00000000ec200000)
  to   space 2560K, 0% used [0x00000000ebd00000,0x00000000ebd00000,0x00000000ebf80000)
 ParOldGen       total 48128K, used 7797K [0x00000000c0000000, 0x00000000c2f00000, 0x00000000eab00000)
  object space 48128K, 16% used [0x00000000c0000000,0x00000000c079d5e8,0x00000000c2f00000)
 Metaspace       used 6859K, capacity 7512K, committed 7680K, reserved 1056768K
  class space    used 695K, capacity 720K, committed 768K, reserved 1048576K
}
Event: 6.976 GC heap before
{Heap before GC invocations=3 (full 0):
 PSYoungGen      total 20992K, used 20974K [0x00000000eab00000, 0x00000000ed400000, 0x0000000100000000)
  eden space 18432K, 100% used [0x00000000eab00000,0x00000000ebd00000,0x00000000ebd00000)
  from space 2560K, 99% used [0x00000000ebf80000,0x00000000ec1fbb50,0x00000000ec200000)
  to   space 2560K, 0% used [0x00000000ebd00000,0x00000000ebd00000,0x00000000ebf80000)
 ParOldGen       total 48128K, used 7797K [0x00000000c0000000, 0x00000000c2f00000, 0x00000000eab00000)
  object space 48128K, 16% used [0x00000000c0000000,0x00000000c079d5e8,0x00000000c2f00000)
 Metaspace       used 6963K, capacity 7640K, committed 7936K, reserved 1056768K
  class space    used 696K, capacity 720K, committed 768K, reserved 1048576K
Event: 7.028 GC heap after
Heap after GC invocations=3 (full 0):
 PSYoungGen      total 20992K, used 2543K [0x00000000eab00000, 0x00000000ed400000, 0x0000000100000000)
  eden space 18432K, 0% used [0x00000000eab00000,0x00000000eab00000,0x00000000ebd00000)
  from space 2560K, 99% used [0x00000000ebd00000,0x00000000ebf7bc30,0x00000000ebf80000)
  to   space 2560K, 0% used [0x00000000ed180000,0x00000000ed180000,0x00000000ed400000)
 ParOldGen       total 48128K, used 8213K [0x00000000c0000000, 0x00000000c2f00000, 0x00000000eab00000)
  object space 48128K, 17% used [0x00000000c0000000,0x00000000c0805518,0x00000000c2f00000)
 Metaspace       used 6963K, capacity 7640K, committed 7936K, reserved 1056768K
  class space    used 696K, capacity 720K, committed 768K, reserved 1048576K
}
Event: 7.356 GC heap before
{Heap before GC invocations=4 (full 0):
 PSYoungGen      total 20992K, used 19613K [0x00000000eab00000, 0x00000000ed400000, 0x0000000100000000)
  eden space 18432K, 92% used [0x00000000eab00000,0x00000000ebbab868,0x00000000ebd00000)
  from space 2560K, 99% used [0x00000000ebd00000,0x00000000ebf7bc30,0x00000000ebf80000)
  to   space 2560K, 0% used [0x00000000ed180000,0x00000000ed180000,0x00000000ed400000)
 ParOldGen       total 48128K, used 8213K [0x00000000c0000000, 0x00000000c2f00000, 0x00000000eab00000)
  object space 48128K, 17% used [0x00000000c0000000,0x00000000c0805518,0x00000000c2f00000)
 Metaspace       used 6995K, capacity 7640K, committed 7936K, reserved 1056768K
  class space    used 696K, capacity 720K, committed 768K, reserved 1048576K
Event: 7.394 GC heap after
Heap after GC invocations=4 (full 0):
 PSYoungGen      total 39424K, used 2301K [0x00000000eab00000, 0x00000000ed400000, 0x0000000100000000)
  eden space 36864K, 0% used [0x00000000eab00000,0x00000000eab00000,0x00000000ecf00000)
  from space 2560K, 89% used [0x00000000ed180000,0x00000000ed3bf4a8,0x00000000ed400000)
  to   space 2560K, 0% used [0x00000000ecf00000,0x00000000ecf00000,0x00000000ed180000)
 ParOldGen       total 48128K, used 9311K [0x00000000c0000000, 0x00000000c2f00000, 0x00000000eab00000)
  object space 48128K, 19% used [0x00000000c0000000,0x00000000c0917d08,0x00000000c2f00000)
 Metaspace       used 6995K, capacity 7640K, committed 7936K, reserved 1056768K
  class space    used 696K, capacity 720K, committed 768K, reserved 1048576K
}
Event: 7.949 GC heap before
{Heap before GC invocations=5 (full 0):
 PSYoungGen      total 39424K, used 39165K [0x00000000eab00000, 0x00000000ed400000, 0x0000000100000000)
  eden space 36864K, 100% used [0x00000000eab00000,0x00000000ecf00000,0x00000000ecf00000)
  from space 2560K, 89% used [0x00000000ed180000,0x00000000ed3bf4a8,0x00000000ed400000)
  to   space 2560K, 0% used [0x00000000ecf00000,0x00000000ecf00000,0x00000000ed180000)
 ParOldGen       total 48128K, used 9311K [0x00000000c0000000, 0x00000000c2f00000, 0x00000000eab00000)
  object space 48128K, 19% used [0x00000000c0000000,0x00000000c0917d08,0x00000000c2f00000)
 Metaspace       used 7009K, capacity 7640K, committed 7936K, reserved 1056768K
  class space    used 696K, capacity 720K, committed 768K, reserved 1048576K

Deoptimization events (10 events):
Event: 4.973 Thread 0x00007f889400b000 Uncommon trap: reason=unstable_if action=reinterpret pc=0x00007f88853eb2cc method=com.android.dx.util.ByteArrayAnnotatedOutput.writeByte(I)V @ 13
Event: 5.272 Thread 0x00007f889400b000 Uncommon trap: reason=bimorphic action=maybe_recompile pc=0x00007f88853af17c method=java.util.HashMap.getNode(ILjava/lang/Object;)Ljava/util/HashMap$Node; @ 126
Event: 5.273 Thread 0x00007f889400b000 Uncommon trap: reason=bimorphic action=maybe_recompile pc=0x00007f88853af17c method=java.util.HashMap.getNode(ILjava/lang/Object;)Ljava/util/HashMap$Node; @ 126
Event: 5.275 Thread 0x00007f889400b000 Uncommon trap: reason=bimorphic action=maybe_recompile pc=0x00007f88853af17c method=java.util.HashMap.getNode(ILjava/lang/Object;)Ljava/util/HashMap$Node; @ 126
Event: 5.276 Thread 0x00007f889400b000 Uncommon trap: reason=bimorphic action=maybe_recompile pc=0x00007f88853af17c method=java.util.HashMap.getNode(ILjava/lang/Object;)Ljava/util/HashMap$Node; @ 126
Event: 5.721 Thread 0x00007f889400b000 Uncommon trap: reason=unstable_if action=reinterpret pc=0x00007f88853b15dc method=java.util.HashMap.getNode(ILjava/lang/Object;)Ljava/util/HashMap$Node; @ 84
Event: 6.078 Thread 0x00007f889400b000 Uncommon trap: reason=predicate action=maybe_recompile pc=0x00007f88854bafd8 method=com.android.dex.Leb128.readUnsignedLeb128(Lcom/android/dex/util/ByteInput;)I @ 41
Event: 6.862 Thread 0x00007f889400b000 Uncommon trap: reason=unstable_if action=reinterpret pc=0x00007f88854591ac method=com.android.dex.Mutf8.decode(Lcom/android/dex/util/ByteInput;[C)Ljava/lang/String; @ 37
Event: 6.862 Thread 0x00007f889400b000 Uncommon trap: reason=unstable_if action=reinterpret pc=0x00007f888545ec98 method=com.android.dex.Mutf8.countBytes(Ljava/lang/String;Z)J @ 35
Event: 6.862 Thread 0x00007f889400b000 Uncommon trap: reason=unstable_if action=reinterpret pc=0x00007f888545cba8 method=com.android.dex.Mutf8.encode([BILjava/lang/String;)V @ 31

Internal exceptions (2 events):
Event: 0.848 Thread 0x00007f889400b000 Exception <a 'java/lang/NoSuchMethodError': Method sun.misc.Unsafe.defineClass(Ljava/lang/String;[BII)Ljava/lang/Class; name or signature does not match> (0x00000000eab12a38) thrown at [/RE-WORK/workspace/8-2-build-linux-amd64/jdk8u45/3457/hotspot/src/sha
Event: 0.849 Thread 0x00007f889400b000 Exception <a 'java/lang/NoSuchMethodError': Method sun.misc.Unsafe.prefetchRead(Ljava/lang/Object;J)V name or signature does not match> (0x00000000eab12cc8) thrown at [/RE-WORK/workspace/8-2-build-linux-amd64/jdk8u45/3457/hotspot/src/share/vm/prims/jni.cp

Events (10 events):
Event: 7.394 Executing VM operation: ParallelGCFailedAllocation done
Event: 7.692 Thread 0x00007f889400b000 DEOPT PACKING pc=0x00007f88854f7f40 sp=0x00007f889c9d7360
Event: 7.692 Thread 0x00007f889400b000 DEOPT UNPACKING pc=0x00007f8885047233 sp=0x00007f889c9d7088 mode 0
Event: 7.831 Thread 0x00007f889400b000 DEOPT PACKING pc=0x00007f888552b512 sp=0x00007f889c9d7270
Event: 7.831 Thread 0x00007f889400b000 DEOPT UNPACKING pc=0x00007f8885047233 sp=0x00007f889c9d6fb0 mode 0
Event: 7.863 Thread 0x00007f889400b000 DEOPT PACKING pc=0x00007f888550fd14 sp=0x00007f889c9d7270
Event: 7.863 Thread 0x00007f889400b000 DEOPT UNPACKING pc=0x00007f8885047233 sp=0x00007f889c9d6fa8 mode 0
Event: 7.871 Thread 0x00007f889400b000 DEOPT PACKING pc=0x00007f88854f7f75 sp=0x00007f889c9d7360
Event: 7.871 Thread 0x00007f889400b000 DEOPT UNPACKING pc=0x00007f8885047233 sp=0x00007f889c9d70e0 mode 0
Event: 7.948 Executing VM operation: ParallelGCFailedAllocation


Dynamic libraries:
00400000-00401000 r-xp 00000000 08:06 430427                             /usr/lib/jvm/java-8-oracle/bin/java
00600000-00601000 rw-p 00000000 08:06 430427                             /usr/lib/jvm/java-8-oracle/bin/java
0166c000-0168d000 rw-p 00000000 00:00 0                                  [heap]
c0000000-c2f00000 rw-p 00000000 00:00 0 
c2f00000-eab00000 ---p 00000000 00:00 0 
eab00000-ed400000 rw-p 00000000 00:00 0 
f0300000-100000000 ---p 00000000 00:00 0 
100000000-1000c0000 rw-p 00000000 00:00 0 
1000c0000-140000000 ---p 00000000 00:00 0 
7f8854000000-7f8854021000 rw-p 00000000 00:00 0 
7f8854021000-7f8858000000 ---p 00000000 00:00 0 
7f885c000000-7f885c405000 rw-p 00000000 00:00 0 
7f885c405000-7f8860000000 ---p 00000000 00:00 0 
7f8860000000-7f8860021000 rw-p 00000000 00:00 0 
7f8860021000-7f8864000000 ---p 00000000 00:00 0 
7f8864000000-7f8864021000 rw-p 00000000 00:00 0 
7f8864021000-7f8868000000 ---p 00000000 00:00 0 
7f8868000000-7f88685df000 rw-p 00000000 00:00 0 
7f88685df000-7f886c000000 ---p 00000000 00:00 0 
7f886c000000-7f886c021000 rw-p 00000000 00:00 0 
7f886c021000-7f8870000000 ---p 00000000 00:00 0 
7f8870000000-7f8870021000 rw-p 00000000 00:00 0 
7f8870021000-7f8874000000 ---p 00000000 00:00 0 
7f8874000000-7f8874021000 rw-p 00000000 00:00 0 
7f8874021000-7f8878000000 ---p 00000000 00:00 0 
7f8878000000-7f887828a000 rw-p 00000000 00:00 0 
7f887828a000-7f887c000000 ---p 00000000 00:00 0 
7f887c000000-7f887c021000 rw-p 00000000 00:00 0 
7f887c021000-7f8880000000 ---p 00000000 00:00 0 
7f8881ae0000-7f8881ae1000 ---p 00000000 00:00 0 
7f8881ae1000-7f8881be1000 rw-p 00000000 00:00 0                          [stack:9848]
7f8881be1000-7f8881be4000 ---p 00000000 00:00 0 
7f8881be4000-7f8881ce2000 rw-p 00000000 00:00 0                          [stack:9847]
7f8881ce2000-7f8881ce5000 ---p 00000000 00:00 0 
7f8881ce5000-7f8881de3000 rw-p 00000000 00:00 0                          [stack:9846]
7f8881de3000-7f8881de6000 ---p 00000000 00:00 0 
7f8881de6000-7f8881ee4000 rw-p 00000000 00:00 0                          [stack:9845]
7f8881ee4000-7f8881ee7000 ---p 00000000 00:00 0 
7f8881ee7000-7f8881fe5000 rw-p 00000000 00:00 0                          [stack:9844]
7f8881fe5000-7f88827f8000 r--p 00000000 08:06 401447                     /usr/lib/locale/locale-archive
7f88827f8000-7f88827fb000 ---p 00000000 00:00 0 
7f88827fb000-7f88828f9000 rw-p 00000000 00:00 0                          [stack:9843]
7f88828f9000-7f88828fc000 ---p 00000000 00:00 0 
7f88828fc000-7f88829fa000 rw-p 00000000 00:00 0                          [stack:9842]
7f88829fa000-7f88829fb000 ---p 00000000 00:00 0 
7f88829fb000-7f8885000000 rw-p 00000000 00:00 0                          [stack:9841]
7f8885000000-7f8885590000 rwxp 00000000 00:00 0 
7f8885590000-7f8894000000 ---p 00000000 00:00 0 
7f8894000000-7f8894389000 rw-p 00000000 00:00 0 
7f8894389000-7f8898000000 ---p 00000000 00:00 0 
7f8898085000-7f8898094000 r--s 000dd000 08:06 5127                       /home/ashken/Android/Sdk/build-tools/22.0.1/lib/dx.jar
7f8898094000-7f8898508000 rw-p 00000000 00:00 0 
7f8898508000-7f88986e1000 r--s 03d09000 08:06 431958                     /usr/lib/jvm/java-8-oracle/jre/lib/rt.jar
7f88986e1000-7f8898e57000 rw-p 00000000 00:00 0 
7f8898e57000-7f8898f57000 ---p 00000000 00:00 0 
7f8898f57000-7f8899157000 rw-p 00000000 00:00 0 
7f8899157000-7f8899158000 ---p 00000000 00:00 0 
7f8899158000-7f8899258000 rw-p 00000000 00:00 0                          [stack:9840]
7f8899258000-7f8899259000 ---p 00000000 00:00 0 
7f8899259000-7f8899371000 rw-p 00000000 00:00 0                          [stack:9839]
7f8899371000-7f88994af000 ---p 00000000 00:00 0 
7f88994af000-7f88994c7000 rw-p 00000000 00:00 0 
7f88994c7000-7f8899604000 ---p 00000000 00:00 0 
7f8899604000-7f8899619000 rw-p 00000000 00:00 0 
7f8899619000-7f88996af000 ---p 00000000 00:00 0 
7f88996af000-7f88996c7000 rw-p 00000000 00:00 0 
7f88996c7000-7f8899a70000 ---p 00000000 00:00 0 
7f8899a70000-7f8899a8a000 r-xp 00000000 08:06 431938                     /usr/lib/jvm/java-8-oracle/jre/lib/amd64/libzip.so
7f8899a8a000-7f8899c8a000 ---p 0001a000 08:06 431938                     /usr/lib/jvm/java-8-oracle/jre/lib/amd64/libzip.so
7f8899c8a000-7f8899c8b000 rw-p 0001a000 08:06 431938                     /usr/lib/jvm/java-8-oracle/jre/lib/amd64/libzip.so
7f8899c8b000-7f8899c96000 r-xp 00000000 08:06 29891                      /lib/x86_64-linux-gnu/libnss_files-2.19.so
7f8899c96000-7f8899e95000 ---p 0000b000 08:06 29891                      /lib/x86_64-linux-gnu/libnss_files-2.19.so
7f8899e95000-7f8899e96000 r--p 0000a000 08:06 29891                      /lib/x86_64-linux-gnu/libnss_files-2.19.so
7f8899e96000-7f8899e97000 rw-p 0000b000 08:06 29891                      /lib/x86_64-linux-gnu/libnss_files-2.19.so
7f8899e97000-7f8899ea2000 r-xp 00000000 08:06 29912                      /lib/x86_64-linux-gnu/libnss_nis-2.19.so
7f8899ea2000-7f889a0a1000 ---p 0000b000 08:06 29912                      /lib/x86_64-linux-gnu/libnss_nis-2.19.so
7f889a0a1000-7f889a0a2000 r--p 0000a000 08:06 29912                      /lib/x86_64-linux-gnu/libnss_nis-2.19.so
7f889a0a2000-7f889a0a3000 rw-p 0000b000 08:06 29912                      /lib/x86_64-linux-gnu/libnss_nis-2.19.so
7f889a0a3000-7f889a0ba000 r-xp 00000000 08:06 29901                      /lib/x86_64-linux-gnu/libnsl-2.19.so
7f889a0ba000-7f889a2b9000 ---p 00017000 08:06 29901                      /lib/x86_64-linux-gnu/libnsl-2.19.so
7f889a2b9000-7f889a2ba000 r--p 00016000 08:06 29901                      /lib/x86_64-linux-gnu/libnsl-2.19.so
7f889a2ba000-7f889a2bb000 rw-p 00017000 08:06 29901                      /lib/x86_64-linux-gnu/libnsl-2.19.so
7f889a2bb000-7f889a2bd000 rw-p 00000000 00:00 0 
7f889a2bd000-7f889a2c6000 r-xp 00000000 08:06 29900                      /lib/x86_64-linux-gnu/libnss_compat-2.19.so
7f889a2c6000-7f889a4c5000 ---p 00009000 08:06 29900                      /lib/x86_64-linux-gnu/libnss_compat-2.19.so
7f889a4c5000-7f889a4c6000 r--p 00008000 08:06 29900                      /lib/x86_64-linux-gnu/libnss_compat-2.19.so
7f889a4c6000-7f889a4c7000 rw-p 00009000 08:06 29900                      /lib/x86_64-linux-gnu/libnss_compat-2.19.so
7f889a4c7000-7f889a4f1000 r-xp 00000000 08:06 431885                     /usr/lib/jvm/java-8-oracle/jre/lib/amd64/libjava.so
7f889a4f1000-7f889a6f1000 ---p 0002a000 08:06 431885                     /usr/lib/jvm/java-8-oracle/jre/lib/amd64/libjava.so
7f889a6f1000-7f889a6f3000 rw-p 0002a000 08:06 431885                     /usr/lib/jvm/java-8-oracle/jre/lib/amd64/libjava.so
7f889a6f3000-7f889a700000 r-xp 00000000 08:06 431939                     /usr/lib/jvm/java-8-oracle/jre/lib/amd64/libverify.so
7f889a700000-7f889a900000 ---p 0000d000 08:06 431939                     /usr/lib/jvm/java-8-oracle/jre/lib/amd64/libverify.so
7f889a900000-7f889a902000 rw-p 0000d000 08:06 431939                     /usr/lib/jvm/java-8-oracle/jre/lib/amd64/libverify.so
7f889a902000-7f889a909000 r-xp 00000000 08:06 29909                      /lib/x86_64-linux-gnu/librt-2.19.so
7f889a909000-7f889ab08000 ---p 00007000 08:06 29909                      /lib/x86_64-linux-gnu/librt-2.19.so
7f889ab08000-7f889ab09000 r--p 00006000 08:06 29909                      /lib/x86_64-linux-gnu/librt-2.19.so
7f889ab09000-7f889ab0a000 rw-p 00007000 08:06 29909                      /lib/x86_64-linux-gnu/librt-2.19.so
7f889ab0a000-7f889ac0f000 r-xp 00000000 08:06 29890                      /lib/x86_64-linux-gnu/libm-2.19.so
7f889ac0f000-7f889ae0e000 ---p 00105000 08:06 29890                      /lib/x86_64-linux-gnu/libm-2.19.so
7f889ae0e000-7f889ae0f000 r--p 00104000 08:06 29890                      /lib/x86_64-linux-gnu/libm-2.19.so
7f889ae0f000-7f889ae10000 rw-p 00105000 08:06 29890                      /lib/x86_64-linux-gnu/libm-2.19.so
7f889ae10000-7f889babe000 r-xp 00000000 08:06 431880                     /usr/lib/jvm/java-8-oracle/jre/lib/amd64/server/libjvm.so
7f889babe000-7f889bcbd000 ---p 00cae000 08:06 431880                     /usr/lib/jvm/java-8-oracle/jre/lib/amd64/server/libjvm.so
7f889bcbd000-7f889bd94000 rw-p 00cad000 08:06 431880                     /usr/lib/jvm/java-8-oracle/jre/lib/amd64/server/libjvm.so
7f889bd94000-7f889bdd8000 rw-p 00000000 00:00 0 
7f889bdd8000-7f889bf93000 r-xp 00000000 08:06 29906                      /lib/x86_64-linux-gnu/libc-2.19.so
7f889bf93000-7f889c192000 ---p 001bb000 08:06 29906                      /lib/x86_64-linux-gnu/libc-2.19.so
7f889c192000-7f889c196000 r--p 001ba000 08:06 29906                      /lib/x86_64-linux-gnu/libc-2.19.so
7f889c196000-7f889c198000 rw-p 001be000 08:06 29906                      /lib/x86_64-linux-gnu/libc-2.19.so
7f889c198000-7f889c19d000 rw-p 00000000 00:00 0 
7f889c19d000-7f889c1a0000 r-xp 00000000 08:06 29894                      /lib/x86_64-linux-gnu/libdl-2.19.so
7f889c1a0000-7f889c39f000 ---p 00003000 08:06 29894                      /lib/x86_64-linux-gnu/libdl-2.19.so
7f889c39f000-7f889c3a0000 r--p 00002000 08:06 29894                      /lib/x86_64-linux-gnu/libdl-2.19.so
7f889c3a0000-7f889c3a1000 rw-p 00003000 08:06 29894                      /lib/x86_64-linux-gnu/libdl-2.19.so
7f889c3a1000-7f889c3b6000 r-xp 00000000 08:06 430457                     /usr/lib/jvm/java-8-oracle/lib/amd64/jli/libjli.so
7f889c3b6000-7f889c5b6000 ---p 00015000 08:06 430457                     /usr/lib/jvm/java-8-oracle/lib/amd64/jli/libjli.so
7f889c5b6000-7f889c5b7000 rw-p 00015000 08:06 430457                     /usr/lib/jvm/java-8-oracle/lib/amd64/jli/libjli.so
7f889c5b7000-7f889c5d0000 r-xp 00000000 08:06 29907                      /lib/x86_64-linux-gnu/libpthread-2.19.so
7f889c5d0000-7f889c7cf000 ---p 00019000 08:06 29907                      /lib/x86_64-linux-gnu/libpthread-2.19.so
7f889c7cf000-7f889c7d0000 r--p 00018000 08:06 29907                      /lib/x86_64-linux-gnu/libpthread-2.19.so
7f889c7d0000-7f889c7d1000 rw-p 00019000 08:06 29907                      /lib/x86_64-linux-gnu/libpthread-2.19.so
7f889c7d1000-7f889c7d5000 rw-p 00000000 00:00 0 
7f889c7d5000-7f889c7f8000 r-xp 00000000 08:06 29903                      /lib/x86_64-linux-gnu/ld-2.19.so
7f889c7ff000-7f889c8d8000 rw-p 00000000 00:00 0 
7f889c8d8000-7f889c8db000 ---p 00000000 00:00 0 
7f889c8db000-7f889c9dd000 rw-p 00000000 00:00 0                          [stack:9838]
7f889c9e5000-7f889c9e6000 rw-p 00000000 00:00 0 
7f889c9e6000-7f889c9eb000 r--s 00094000 08:06 431960                     /usr/lib/jvm/java-8-oracle/jre/lib/jsse.jar
7f889c9eb000-7f889c9f3000 rw-s 00000000 08:06 436168                     /tmp/hsperfdata_ashken/9831
7f889c9f3000-7f889c9f4000 rw-p 00000000 00:00 0 
7f889c9f4000-7f889c9f5000 ---p 00000000 00:00 0 
7f889c9f5000-7f889c9f7000 rw-p 00000000 00:00 0 
7f889c9f7000-7f889c9f8000 r--p 00022000 08:06 29903                      /lib/x86_64-linux-gnu/ld-2.19.so
7f889c9f8000-7f889c9f9000 rw-p 00023000 08:06 29903                      /lib/x86_64-linux-gnu/ld-2.19.so
7f889c9f9000-7f889c9fa000 rw-p 00000000 00:00 0 
7fff424f2000-7fff42514000 rw-p 00000000 00:00 0                          [stack]
7fff425fc000-7fff425fe000 r-xp 00000000 00:00 0                          [vdso]
7fff425fe000-7fff42600000 r--p 00000000 00:00 0                          [vvar]
ffffffffff600000-ffffffffff601000 r-xp 00000000 00:00 0                  [vsyscall]

VM Arguments:
jvm_args: -Xmx1024M -Dfile.encoding=UTF-8 -Duser.country=US -Duser.language=en -Duser.variant 
java_command: com.android.dx.command.Main --dex --output /home/ashken/AndroidStudioProjects/Ecp/app/build/intermediates/dex/debug /home/ashken/AndroidStudioProjects/Ecp/app/build/intermediates/classes/debug /home/ashken/AndroidStudioProjects/Ecp/app/build/intermediates/pre-dexed/debug/support-annotations-22.2.0-a9d94f4cb7cb740673bb85d8e94255d92c7e7084.jar /home/ashken/AndroidStudioProjects/Ecp/app/build/intermediates/pre-dexed/debug/classes-1ab85f1b8433e675ab06ba34577f0ceb5c6c61bf.jar /home/ashken/AndroidStudioProjects/Ecp/app/build/intermediates/pre-dexed/debug/classes-1f19d23364b6f348fca6cf473ccf7e6b4c2f39f2.jar /home/ashken/AndroidStudioProjects/Ecp/app/build/intermediates/pre-dexed/debug/classes-c9139741928018b9a0177a8ca48f523663c24a77.jar /home/ashken/AndroidStudioProjects/Ecp/app/build/intermediates/pre-dexed/debug/classes-14eb72b8f18e950d83040c83c306c9f032171c7a.jar /home/ashken/AndroidStudioProjects/Ecp/app/build/intermediates/pre-dexed/debug/butterknife-7.0.1-27bc547e8a7c1116b96ae5071f6ee562436f5b43.jar /home/ashken/AndroidStudioProjects/Ecp/app/build/intermediates/pre-dexed/debug/android-async-http-1.4.8-0d5394cf3cb40a5f9c1cbeb9a67850622ab5be1b.jar /home/ashken/AndroidStudioProjects/Ecp/app/build/intermediates/pre-dexed/debug/picasso-2.5.2-add7220ebf2e69a79f888bd88195dc8768215541.jar /home/ashken/AndroidStudioProjects/Ecp/app/build/intermediates/pre-dexed/debug/classes-f27f1c98fe06955049f761d553d685d2abb962b6.jar /home/ashken/AndroidStudioProjects/Ecp/app/build/intermediates/pre-dexed/debug/internal_impl-22.2.0-a7463c6bcdc9ce9f99a60fa0cb540bc2fabd825c.jar /home/ashken/AndroidStudioProjects/Ecp/app/build/intermediates/pre-dexed/debug/classes-756ba40b4ab8628236a54feb285b49adcfa86eb4.jar /home/ashken/AndroidStudioProjects/Ecp/app/build/intermediates/pre-dexed/debug/jackson-core-asl-1.9.0-cc84869df7a711336fca784ae265d12fae3b45ae.jar /home/ashken/AndroidStudioProjects/Ecp/app/build/intermediates/pre-dexed/debug/classes-4cd15c4642e2faac78fb5e79a2682108f9ae9dab
java_class_path (initial): /home/ashken/Android/Sdk/build-tools/22.0.1/lib/dx.jar
Launcher Type: SUN_STANDARD

Environment Variables:
JAVA_HOME=/usr/lib/jvm/java-8-oracle
PATH=/usr/local/sbin:/usr/local/bin:/usr/sbin:/usr/bin:/sbin:/bin:/usr/games:/usr/local/games:/var/www/html/basic:/home/ashken/android-studio/bin:/usr/lib/jvm/java-8-oracle/bin:/usr/lib/jvm/java-8-oracle/db/bin:/usr/lib/jvm/java-8-oracle/jre/bin
SHELL=/bin/bash
DISPLAY=:0

Signal Handlers:
SIGSEGV: [libjvm.so+0xaad1e0], sa_mask[0]=11111111011111111101111111111110, sa_flags=SA_RESTART|SA_SIGINFO
SIGBUS: [libjvm.so+0xaad1e0], sa_mask[0]=11111111011111111101111111111110, sa_flags=SA_RESTART|SA_SIGINFO
SIGFPE: [libjvm.so+0x90b450], sa_mask[0]=11111111011111111101111111111110, sa_flags=SA_RESTART|SA_SIGINFO
SIGPIPE: [libjvm.so+0x90b450], sa_mask[0]=11111111011111111101111111111110, sa_flags=SA_RESTART|SA_SIGINFO
SIGXFSZ: [libjvm.so+0x90b450], sa_mask[0]=11111111011111111101111111111110, sa_flags=SA_RESTART|SA_SIGINFO
SIGILL: [libjvm.so+0x90b450], sa_mask[0]=11111111011111111101111111111110, sa_flags=SA_RESTART|SA_SIGINFO
SIGUSR1: SIG_DFL, sa_mask[0]=00000000000000000000000000000000, sa_flags=none
SIGUSR2: [libjvm.so+0x90ca90], sa_mask[0]=00100000000000000000000000000000, sa_flags=SA_RESTART|SA_SIGINFO
SIGHUP: [libjvm.so+0x90dde0], sa_mask[0]=11111111011111111101111111111110, sa_flags=SA_RESTART|SA_SIGINFO
SIGINT: [libjvm.so+0x90dde0], sa_mask[0]=11111111011111111101111111111110, sa_flags=SA_RESTART|SA_SIGINFO
SIGTERM: [libjvm.so+0x90dde0], sa_mask[0]=11111111011111111101111111111110, sa_flags=SA_RESTART|SA_SIGINFO
SIGQUIT: [libjvm.so+0x90dde0], sa_mask[0]=11111111011111111101111111111110, sa_flags=SA_RESTART|SA_SIGINFO


---------------  S Y S T E M  ---------------

OS:DISTRIB_ID=Ubuntu
DISTRIB_RELEASE=14.04
DISTRIB_CODENAME=trusty
DISTRIB_DESCRIPTION="Ubuntu 14.04.2 LTS"

uname:Linux 3.16.0-30-generic #40~14.04.1-Ubuntu SMP Thu Jan 15 17:43:14 UTC 2015 x86_64
libc:glibc 2.19 NPTL 2.19 
rlimit: STACK 8192k, CORE 0k, NPROC 17664, NOFILE 4096, AS infinity
load average:21.96 6.88 3.55

/proc/meminfo:
MemTotal:        4560476 kB
MemFree:          119972 kB
MemAvailable:      56068 kB
Buffers:             112 kB
Cached:            32792 kB
SwapCached:            0 kB
Active:          4192896 kB
Inactive:          26216 kB
Active(anon):    4189504 kB
Inactive(anon):    21832 kB
Active(file):       3392 kB
Inactive(file):     4384 kB
Unevictable:          32 kB
Mlocked:              32 kB
SwapTotal:             0 kB
SwapFree:              0 kB
Dirty:               100 kB
Writeback:             0 kB
AnonPages:       4186460 kB
Mapped:            26656 kB
Shmem:             24908 kB
Slab:              81508 kB
SReclaimable:      33352 kB
SUnreclaim:        48156 kB
KernelStack:        9680 kB
PageTables:        42304 kB
NFS_Unstable:          0 kB
Bounce:                0 kB
WritebackTmp:          0 kB
CommitLimit:     2280236 kB
Committed_AS:    9621728 kB
VmallocTotal:   34359738367 kB
VmallocUsed:      298348 kB
VmallocChunk:   34359430512 kB
HardwareCorrupted:     0 kB
AnonHugePages:   1777664 kB
HugePages_Total:       0
HugePages_Free:        0
HugePages_Rsvd:        0
HugePages_Surp:        0
Hugepagesize:       2048 kB
DirectMap4k:       74176 kB
DirectMap2M:     3592192 kB
DirectMap1G:     3145728 kB


CPU:total 2 (2 cores per cpu, 1 threads per core) family 20 model 1 stepping 0, cmov, cx8, fxsr, mmx, sse, sse2, sse3, ssse3, popcnt, mmxext, lzcnt, sse4a, tsc, tscinvbit, tscinv

/proc/cpuinfo:
processor	: 0
vendor_id	: AuthenticAMD
cpu family	: 20
model		: 1
model name	: AMD E-350 Processor
stepping	: 0
microcode	: 0x5000028
cpu MHz		: 1600.000
cache size	: 512 KB
physical id	: 0
siblings	: 2
core id		: 0
cpu cores	: 2
apicid		: 0
initial apicid	: 0
fpu		: yes
fpu_exception	: yes
cpuid level	: 6
wp		: yes
flags		: fpu vme de pse tsc msr pae mce cx8 apic sep mtrr pge mca cmov pat pse36 clflush mmx fxsr sse sse2 ht syscall nx mmxext fxsr_opt pdpe1gb rdtscp lm constant_tsc rep_good nopl nonstop_tsc extd_apicid aperfmperf pni monitor ssse3 cx16 popcnt lahf_lm cmp_legacy svm extapic cr8_legacy abm sse4a misalignsse 3dnowprefetch ibs skinit wdt arat hw_pstate npt lbrv svm_lock nrip_save pausefilter vmmcall
bogomips	: 3193.13
TLB size	: 1024 4K pages
clflush size	: 64
cache_alignment	: 64
address sizes	: 36 bits physical, 48 bits virtual
power management: ts ttp tm stc 100mhzsteps hwpstate

processor	: 1
vendor_id	: AuthenticAMD
cpu family	: 20
model		: 1
model name	: AMD E-350 Processor
stepping	: 0
microcode	: 0x5000028
cpu MHz		: 800.000
cache size	: 512 KB
physical id	: 0
siblings	: 2
core id		: 1
cpu cores	: 2
apicid		: 1
initial apicid	: 1
fpu		: yes
fpu_exception	: yes
cpuid level	: 6
wp		: yes
flags		: fpu vme de pse tsc msr pae mce cx8 apic sep mtrr pge mca cmov pat pse36 clflush mmx fxsr sse sse2 ht syscall nx mmxext fxsr_opt pdpe1gb rdtscp lm constant_tsc rep_good nopl nonstop_tsc extd_apicid aperfmperf pni monitor ssse3 cx16 popcnt lahf_lm cmp_legacy svm extapic cr8_legacy abm sse4a misalignsse 3dnowprefetch ibs skinit wdt arat hw_pstate npt lbrv svm_lock nrip_save pausefilter vmmcall
bogomips	: 3193.13
TLB size	: 1024 4K pages
clflush size	: 64
cache_alignment	: 64
address sizes	: 36 bits physical, 48 bits virtual
power management: ts ttp tm stc 100mhzsteps hwpstate



Memory: 4k page, physical 4560476k(121688k free), swap 0k(0k free)

vm_info: Java HotSpot(TM) 64-Bit Server VM (25.45-b02) for linux-amd64 JRE (1.8.0_45-b14), built on Apr 10 2015 10:07:45 by "java_re" with gcc 4.3.0 20080428 (Red Hat 4.3.0-8)

time: Wed Feb 10 03:49:49 2016
elapsed time: 50 seconds (0d 0h 0m 50s)

